-------------------------------------------------------------------------------->8
-------------------------------------------------------------------------------->8
[2022-08-06T14:21:06.519368600Z][docker-desktop-user-distro][I] syncContextStores <HOME>/.docker/contexts <-> /mnt/c/Users/Ahmed Fathy/.docker/contexts
[2022-08-06T14:21:06.639879200Z][docker-desktop-user-distro][I] syncContextStores <HOME>/.docker/contexts <-> /mnt/c/Users/Ahmed Fathy/.docker/contexts os.Symlink <HOME>/.docker/contexts -> /mnt/c/Users/Ahmed Fathy/.docker/contexts
-------------------------------------------------------------------------------->8
-------------------------------------------------------------------------------->8
[2022-08-06T14:21:07.533730500Z][docker-desktop-user-distro][I] linkPathToWindows windowsPath = /mnt/c/Users/Ahmed Fathy/.aws, linkPath = <HOME>/.aws
-------------------------------------------------------------------------------->8
-------------------------------------------------------------------------------->8
[2022-08-06T14:21:08.111161200Z][docker-desktop-user-distro][I] linkPathToWindows windowsPath = /mnt/c/Users/Ahmed Fathy/.azure, linkPath = <HOME>/.azure
-------------------------------------------------------------------------------->8
-------------------------------------------------------------------------------->8
[2022-08-06T14:21:08.459898700Z][docker-desktop-user-distro][I] linkPathToWindows windowsPath = /mnt/c/Users/Ahmed Fathy/.docker/features.json, linkPath = ~/.docker/features.json
-------------------------------------------------------------------------------->8
-------------------------------------------------------------------------------->8
[2022-08-16T10:57:05.085142900Z][docker-desktop-user-distro][I] syncContextStores <HOME>/.docker/contexts <-> /mnt/c/Users/Ahmed Fathy/.docker/contexts
[2022-08-16T10:57:05.126724900Z][docker-desktop-user-distro][I] syncContextStores <HOME>/.docker/contexts <-> /mnt/c/Users/Ahmed Fathy/.docker/contexts: syncNoop
-------------------------------------------------------------------------------->8
-------------------------------------------------------------------------------->8
[2022-08-16T10:57:05.681081000Z][docker-desktop-user-distro][I] linkPathToWindows windowsPath = /mnt/c/Users/Ahmed Fathy/.aws, linkPath = <HOME>/.aws
[2022-08-16T10:57:05.685639000Z][docker-desktop-user-distro][I] no need to symlink <HOME>/.aws to /mnt/c/Users/Ahmed Fathy/.aws: they are the same path already
-------------------------------------------------------------------------------->8
-------------------------------------------------------------------------------->8
[2022-08-16T10:57:05.986048200Z][docker-desktop-user-distro][I] linkPathToWindows windowsPath = /mnt/c/Users/Ahmed Fathy/.azure, linkPath = <HOME>/.azure
[2022-08-16T10:57:05.991483900Z][docker-desktop-user-distro][I] no need to symlink <HOME>/.azure to /mnt/c/Users/Ahmed Fathy/.azure: they are the same path already
-------------------------------------------------------------------------------->8
-------------------------------------------------------------------------------->8
[2022-08-16T10:57:06.431855100Z][docker-desktop-user-distro][I] linkPathToWindows windowsPath = /mnt/c/Users/Ahmed Fathy/.docker/features.json, linkPath = ~/.docker/features.json
-------------------------------------------------------------------------------->8
-------------------------------------------------------------------------------->8
[2022-08-16T10:58:26.117168900Z][docker-desktop-user-distro][I] syncContextStores <HOME>/.docker/contexts <-> /mnt/c/Users/Ahmed Fathy/.docker/contexts
[2022-08-16T10:58:26.124955100Z][docker-desktop-user-distro][I] syncContextStores <HOME>/.docker/contexts <-> /mnt/c/Users/Ahmed Fathy/.docker/contexts: syncNoop
-------------------------------------------------------------------------------->8
-------------------------------------------------------------------------------->8
[2022-08-16T10:58:26.444506000Z][docker-desktop-user-distro][I] linkPathToWindows windowsPath = /mnt/c/Users/Ahmed Fathy/.aws, linkPath = <HOME>/.aws
[2022-08-16T10:58:26.451134900Z][docker-desktop-user-distro][I] no need to symlink <HOME>/.aws to /mnt/c/Users/Ahmed Fathy/.aws: they are the same path already
-------------------------------------------------------------------------------->8
-------------------------------------------------------------------------------->8
[2022-08-16T10:58:26.713660500Z][docker-desktop-user-distro][I] linkPathToWindows windowsPath = /mnt/c/Users/Ahmed Fathy/.azure, linkPath = <HOME>/.azure
[2022-08-16T10:58:26.720758200Z][docker-desktop-user-distro][I] no need to symlink <HOME>/.azure to /mnt/c/Users/Ahmed Fathy/.azure: they are the same path already
-------------------------------------------------------------------------------->8
-------------------------------------------------------------------------------->8
[2022-08-16T10:58:26.994673200Z][docker-desktop-user-distro][I] linkPathToWindows windowsPath = /mnt/c/Users/Ahmed Fathy/.docker/features.json, linkPath = ~/.docker/features.json
